Flow report for MYCPU
Thu Jan 06 16:23:03 2022
Quartus Prime Version 17.1.0 Build 590 10/25/2017 SJ Standard Edition


---------------------
; Table of Contents ;
---------------------
  1. Legal Notice
  2. Flow Summary
  3. Flow Settings
  4. Flow Non-Default Global Settings
  5. Flow Elapsed Time
  6. Flow OS Summary
  7. Flow Log
  8. Flow Messages
  9. Flow Suppressed Messages



----------------
; Legal Notice ;
----------------
Copyright (C) 2017  Intel Corporation. All rights reserved.
Your use of Intel Corporation's design tools, logic functions 
and other software and tools, and its AMPP partner logic 
functions, and any output files from any of the foregoing 
(including device programming or simulation files), and any 
associated documentation or information are expressly subject 
to the terms and conditions of the Intel Program License 
Subscription Agreement, the Intel Quartus Prime License Agreement,
the Intel FPGA IP License Agreement, or other applicable license
agreement, including, without limitation, that your use is for
the sole purpose of programming logic devices manufactured by
Intel and sold by Intel or its authorized distributors.  Please
refer to the applicable agreement for further details.



+--------------------------------------------------------------------------------------+
; Flow Summary                                                                         ;
+------------------------------------+-------------------------------------------------+
; Flow Status                        ; Successful - Thu Jan 06 16:23:03 2022           ;
; Quartus Prime Version              ; 17.1.0 Build 590 10/25/2017 SJ Standard Edition ;
; Revision Name                      ; MYCPU                                           ;
; Top-level Entity Name              ; MYCPU                                           ;
; Family                             ; Cyclone 10 LP                                   ;
; Device                             ; 10CL055YF484I7G                                 ;
; Timing Models                      ; Final                                           ;
; Total logic elements               ; 770 / 55,856 ( 1 % )                            ;
;     Total combinational functions  ; 739 / 55,856 ( 1 % )                            ;
;     Dedicated logic registers      ; 158 / 55,856 ( < 1 % )                          ;
; Total registers                    ; 158                                             ;
; Total pins                         ; 138 / 322 ( 43 % )                              ;
; Total virtual pins                 ; 0                                               ;
; Total memory bits                  ; 3,584 / 2,396,160 ( < 1 % )                     ;
; Embedded Multiplier 9-bit elements ; 0 / 312 ( 0 % )                                 ;
; Total PLLs                         ; 0 / 4 ( 0 % )                                   ;
+------------------------------------+-------------------------------------------------+


+-----------------------------------------+
; Flow Settings                           ;
+-------------------+---------------------+
; Option            ; Setting             ;
+-------------------+---------------------+
; Start date & time ; 12/30/2021 23:57:25 ;
; Main task         ; Compilation         ;
; Revision Name     ; MYCPU               ;
+-------------------+---------------------+


+-------------------------------------------------------------------------------------------------------------------------+
; Flow Non-Default Global Settings                                                                                        ;
+-------------------------------------+----------------------------------------+---------------+-------------+------------+
; Assignment Name                     ; Value                                  ; Default Value ; Entity Name ; Section Id ;
+-------------------------------------+----------------------------------------+---------------+-------------+------------+
; COMPILER_SIGNATURE_ID               ; 238561866592271.164087984531152        ; --            ; --          ; --         ;
; MAX_CORE_JUNCTION_TEMP              ; 100                                    ; --            ; --          ; --         ;
; MIN_CORE_JUNCTION_TEMP              ; -40                                    ; --            ; --          ; --         ;
; MISC_FILE                           ; ROMIP1_bb.v                            ; --            ; --          ; --         ;
; MISC_FILE                           ; ROMIP_bb.v                             ; --            ; --          ; --         ;
; MISC_FILE                           ; MyRAM_bb.v                             ; --            ; --          ; --         ;
; MISC_FILE                           ; romnew_bb.v                            ; --            ; --          ; --         ;
; MISC_FILE                           ; ROM1_bb.v                              ; --            ; --          ; --         ;
; MISC_FILE                           ; ROMm_bb.v                              ; --            ; --          ; --         ;
; NOMINAL_CORE_SUPPLY_VOLTAGE         ; 1.2V                                   ; --            ; --          ; --         ;
; PARTITION_COLOR                     ; -- (Not supported for targeted family) ; --            ; --          ; Top        ;
; PARTITION_FITTER_PRESERVATION_LEVEL ; -- (Not supported for targeted family) ; --            ; --          ; Top        ;
; PARTITION_NETLIST_TYPE              ; -- (Not supported for targeted family) ; --            ; --          ; Top        ;
; POWER_BOARD_THERMAL_MODEL           ; None (CONSERVATIVE)                    ; --            ; --          ; --         ;
; POWER_PRESET_COOLING_SOLUTION       ; 23 MM HEAT SINK WITH 200 LFPM AIRFLOW  ; --            ; --          ; --         ;
; PROJECT_OUTPUT_DIRECTORY            ; output_files                           ; --            ; --          ; --         ;
+-------------------------------------+----------------------------------------+---------------+-------------+------------+


+-------------------------------------------------------------------------------------------------------------------------------+
; Flow Elapsed Time                                                                                                             ;
+---------------------------+--------------+-------------------------+---------------------+------------------------------------+
; Module Name               ; Elapsed Time ; Average Processors Used ; Peak Virtual Memory ; Total CPU Time (on all processors) ;
+---------------------------+--------------+-------------------------+---------------------+------------------------------------+
; Analysis & Synthesis      ; 00:00:22     ; 1.0                     ; 4827 MB             ; 00:00:39                           ;
; Fitter                    ; 00:00:07     ; 1.1                     ; 5522 MB             ; 00:00:09                           ;
; Assembler                 ; 00:00:02     ; 1.0                     ; 4674 MB             ; 00:00:02                           ;
; TimeQuest Timing Analyzer ; 00:00:02     ; 1.1                     ; 4803 MB             ; 00:00:02                           ;
; EDA Netlist Writer        ; 00:00:00     ; 1.0                     ; 4627 MB             ; 00:00:00                           ;
; EDA Netlist Writer        ; 00:00:00     ; 1.0                     ; 4636 MB             ; 00:00:01                           ;
; EDA Netlist Writer        ; 00:00:01     ; 1.0                     ; 4627 MB             ; 00:00:00                           ;
; EDA Netlist Writer        ; 00:00:01     ; 1.0                     ; 4637 MB             ; 00:00:01                           ;
; EDA Netlist Writer        ; 00:00:00     ; 1.0                     ; 4626 MB             ; 00:00:00                           ;
; EDA Netlist Writer        ; 00:00:01     ; 1.0                     ; 4635 MB             ; 00:00:01                           ;
; EDA Netlist Writer        ; 00:00:00     ; 1.0                     ; 4626 MB             ; 00:00:01                           ;
; EDA Netlist Writer        ; 00:00:01     ; 1.0                     ; 4635 MB             ; 00:00:01                           ;
; EDA Netlist Writer        ; 00:00:00     ; 1.0                     ; 4626 MB             ; 00:00:00                           ;
; EDA Netlist Writer        ; 00:00:01     ; 1.0                     ; 4635 MB             ; 00:00:01                           ;
; EDA Netlist Writer        ; 00:00:00     ; 1.0                     ; 4626 MB             ; 00:00:00                           ;
; EDA Netlist Writer        ; 00:00:01     ; 1.0                     ; 4635 MB             ; 00:00:01                           ;
; EDA Netlist Writer        ; 00:00:01     ; 1.0                     ; 4626 MB             ; 00:00:01                           ;
; EDA Netlist Writer        ; 00:00:01     ; 1.0                     ; 4635 MB             ; 00:00:01                           ;
; EDA Netlist Writer        ; 00:00:01     ; 1.0                     ; 4626 MB             ; 00:00:01                           ;
; EDA Netlist Writer        ; 00:00:01     ; 1.0                     ; 4635 MB             ; 00:00:01                           ;
; Total                     ; 00:00:43     ; --                      ; --                  ; 00:01:03                           ;
+---------------------------+--------------+-------------------------+---------------------+------------------------------------+


+-----------------------------------------------------------------------------------------+
; Flow OS Summary                                                                         ;
+---------------------------+------------------+------------+------------+----------------+
; Module Name               ; Machine Hostname ; OS Name    ; OS Version ; Processor type ;
+---------------------------+------------------+------------+------------+----------------+
; Analysis & Synthesis      ; LAPTOP-T6ASAJ39  ; Windows 10 ; 10.0       ; x86_64         ;
; Fitter                    ; LAPTOP-T6ASAJ39  ; Windows 10 ; 10.0       ; x86_64         ;
; Assembler                 ; LAPTOP-T6ASAJ39  ; Windows 10 ; 10.0       ; x86_64         ;
; TimeQuest Timing Analyzer ; LAPTOP-T6ASAJ39  ; Windows 10 ; 10.0       ; x86_64         ;
; EDA Netlist Writer        ; LAPTOP-T6ASAJ39  ; Windows 10 ; 10.0       ; x86_64         ;
; EDA Netlist Writer        ; LAPTOP-T6ASAJ39  ; Windows 10 ; 10.0       ; x86_64         ;
; EDA Netlist Writer        ; LAPTOP-T6ASAJ39  ; Windows 10 ; 10.0       ; x86_64         ;
; EDA Netlist Writer        ; LAPTOP-T6ASAJ39  ; Windows 10 ; 10.0       ; x86_64         ;
; EDA Netlist Writer        ; LAPTOP-T6ASAJ39  ; Windows 10 ; 10.0       ; x86_64         ;
; EDA Netlist Writer        ; LAPTOP-T6ASAJ39  ; Windows 10 ; 10.0       ; x86_64         ;
; EDA Netlist Writer        ; LAPTOP-T6ASAJ39  ; Windows 10 ; 10.0       ; x86_64         ;
; EDA Netlist Writer        ; LAPTOP-T6ASAJ39  ; Windows 10 ; 10.0       ; x86_64         ;
; EDA Netlist Writer        ; LAPTOP-T6ASAJ39  ; Windows 10 ; 10.0       ; x86_64         ;
; EDA Netlist Writer        ; LAPTOP-T6ASAJ39  ; Windows 10 ; 10.0       ; x86_64         ;
; EDA Netlist Writer        ; LAPTOP-T6ASAJ39  ; Windows 10 ; 10.0       ; x86_64         ;
; EDA Netlist Writer        ; LAPTOP-T6ASAJ39  ; Windows 10 ; 10.0       ; x86_64         ;
; EDA Netlist Writer        ; LAPTOP-T6ASAJ39  ; Windows 10 ; 10.0       ; x86_64         ;
; EDA Netlist Writer        ; LAPTOP-T6ASAJ39  ; Windows 10 ; 10.0       ; x86_64         ;
; EDA Netlist Writer        ; LAPTOP-T6ASAJ39  ; Windows 10 ; 10.0       ; x86_64         ;
; EDA Netlist Writer        ; LAPTOP-T6ASAJ39  ; Windows 10 ; 10.0       ; x86_64         ;
+---------------------------+------------------+------------+------------+----------------+


------------
; Flow Log ;
------------
quartus_map --read_settings_files=on --write_settings_files=off MYCPU -c MYCPU
quartus_fit --read_settings_files=off --write_settings_files=off MYCPU -c MYCPU
quartus_asm --read_settings_files=off --write_settings_files=off MYCPU -c MYCPU
quartus_sta MYCPU -c MYCPU
quartus_eda --gen_testbench --tool=modelsim_oem --format=verilog --write_settings_files=off MYCPU -c MYCPU --vector_source=G:/computer/MYCPU/Waveform.vwf --testbench_file=G:/computer/MYCPU/simulation/qsim/Waveform.vwf.vt
quartus_eda --write_settings_files=off --simulation=on --functional=on --flatten_buses=off --tool=modelsim_oem --format=verilog --output_directory=G:/computer/MYCPU/simulation/qsim/ MYCPU -c MYCPU
quartus_eda --gen_testbench --tool=modelsim_oem --format=verilog --write_settings_files=off MYCPU -c MYCPU --vector_source=G:/computer/MYCPU/Waveform.vwf --testbench_file=G:/computer/MYCPU/simulation/qsim/Waveform.vwf.vt
quartus_eda --write_settings_files=off --simulation=on --functional=on --flatten_buses=off --tool=modelsim_oem --format=verilog --output_directory=G:/computer/MYCPU/simulation/qsim/ MYCPU -c MYCPU
quartus_eda --gen_testbench --tool=modelsim_oem --format=verilog --write_settings_files=off MYCPU -c MYCPU --vector_source=G:/computer/MYCPU/Waveform.vwf --testbench_file=G:/computer/MYCPU/simulation/qsim/Waveform.vwf.vt
quartus_eda --write_settings_files=off --simulation=on --functional=on --flatten_buses=off --tool=modelsim_oem --format=verilog --output_directory=G:/computer/MYCPU/simulation/qsim/ MYCPU -c MYCPU
quartus_eda --gen_testbench --tool=modelsim_oem --format=verilog --write_settings_files=off MYCPU -c MYCPU --vector_source=G:/computer/MYCPU/Waveform.vwf --testbench_file=G:/computer/MYCPU/simulation/qsim/Waveform.vwf.vt
quartus_eda --write_settings_files=off --simulation=on --functional=on --flatten_buses=off --tool=modelsim_oem --format=verilog --output_directory=G:/computer/MYCPU/simulation/qsim/ MYCPU -c MYCPU
quartus_eda --gen_testbench --tool=modelsim_oem --format=verilog --write_settings_files=off MYCPU -c MYCPU --vector_source=G:/computer/MYCPU/Waveform.vwf --testbench_file=G:/computer/MYCPU/simulation/qsim/Waveform.vwf.vt
quartus_eda --write_settings_files=off --simulation=on --functional=on --flatten_buses=off --tool=modelsim_oem --format=verilog --output_directory=G:/computer/MYCPU/simulation/qsim/ MYCPU -c MYCPU
quartus_eda --gen_testbench --tool=modelsim_oem --format=verilog --write_settings_files=off MYCPU -c MYCPU --vector_source=G:/computer/MYCPU/Waveform.vwf --testbench_file=G:/computer/MYCPU/simulation/qsim/Waveform.vwf.vt
quartus_eda --write_settings_files=off --simulation=on --functional=on --flatten_buses=off --tool=modelsim_oem --format=verilog --output_directory=G:/computer/MYCPU/simulation/qsim/ MYCPU -c MYCPU
quartus_eda --gen_testbench --tool=modelsim_oem --format=verilog --write_settings_files=off MYCPU -c MYCPU --vector_source=G:/computer/MYCPU/Waveform.vwf --testbench_file=G:/computer/MYCPU/simulation/qsim/Waveform.vwf.vt
quartus_eda --write_settings_files=off --simulation=on --functional=on --flatten_buses=off --tool=modelsim_oem --format=verilog --output_directory=G:/computer/MYCPU/simulation/qsim/ MYCPU -c MYCPU
quartus_eda --gen_testbench --tool=modelsim_oem --format=verilog --write_settings_files=off MYCPU -c MYCPU --vector_source=G:/computer/MYCPU/Waveform.vwf --testbench_file=G:/computer/MYCPU/simulation/qsim/Waveform.vwf.vt
quartus_eda --write_settings_files=off --simulation=on --functional=on --flatten_buses=off --tool=modelsim_oem --format=verilog --output_directory=G:/computer/MYCPU/simulation/qsim/ MYCPU -c MYCPU



