Analysis & Synthesis report for UPC
Thu Dec 30 16:43:56 2021
Quartus Prime Version 17.1.0 Build 590 10/25/2017 SJ Standard Edition


---------------------
; Table of Contents ;
---------------------
  1. Legal Notice
  2. Analysis & Synthesis Summary
  3. Analysis & Synthesis Settings
  4. Parallel Compilation
  5. Analysis & Synthesis Source Files Read
  6. Analysis & Synthesis Resource Usage Summary
  7. Analysis & Synthesis Resource Utilization by Entity
  8. Analysis & Synthesis RAM Summary
  9. Analysis & Synthesis IP Cores Summary
 10. General Register Statistics
 11. Inverted Register Statistics
 12. Multiplexer Restructuring Statistics (Restructuring Performed)
 13. Source assignments for ROMIP:inst6|altsyncram:altsyncram_component|altsyncram_loc1:auto_generated|altsyncram_c8e2:altsyncram1
 14. Parameter Settings for User Entity Instance: ROMIP:inst6|altsyncram:altsyncram_component
 15. altsyncram Parameter Settings by Entity Instance
 16. In-System Memory Content Editor Settings
 17. Post-Synthesis Netlist Statistics for Top Partition
 18. Elapsed Time Per Partition
 19. Analysis & Synthesis Messages



----------------
; Legal Notice ;
----------------
Copyright (C) 2017  Intel Corporation. All rights reserved.
Your use of Intel Corporation's design tools, logic functions 
and other software and tools, and its AMPP partner logic 
functions, and any output files from any of the foregoing 
(including device programming or simulation files), and any 
associated documentation or information are expressly subject 
to the terms and conditions of the Intel Program License 
Subscription Agreement, the Intel Quartus Prime License Agreement,
the Intel FPGA IP License Agreement, or other applicable license
agreement, including, without limitation, that your use is for
the sole purpose of programming logic devices manufactured by
Intel and sold by Intel or its authorized distributors.  Please
refer to the applicable agreement for further details.



+--------------------------------------------------------------------------------------+
; Analysis & Synthesis Summary                                                         ;
+------------------------------------+-------------------------------------------------+
; Analysis & Synthesis Status        ; Successful - Thu Dec 30 16:43:56 2021           ;
; Quartus Prime Version              ; 17.1.0 Build 590 10/25/2017 SJ Standard Edition ;
; Revision Name                      ; UPC                                             ;
; Top-level Entity Name              ; UPC                                             ;
; Family                             ; Cyclone 10 LP                                   ;
; Total logic elements               ; 285                                             ;
;     Total combinational functions  ; 253                                             ;
;     Dedicated logic registers      ; 145                                             ;
; Total registers                    ; 145                                             ;
; Total pins                         ; 60                                              ;
; Total virtual pins                 ; 0                                               ;
; Total memory bits                  ; 1,536                                           ;
; Embedded Multiplier 9-bit elements ; 0                                               ;
; Total PLLs                         ; 0                                               ;
+------------------------------------+-------------------------------------------------+


+----------------------------------------------------------------------------------------------------------------------+
; Analysis & Synthesis Settings                                                                                        ;
+----------------------------------------------------------------------------+--------------------+--------------------+
; Option                                                                     ; Setting            ; Default Value      ;
+----------------------------------------------------------------------------+--------------------+--------------------+
; Device                                                                     ; 10CL055YF484I7G    ;                    ;
; Top-level entity name                                                      ; UPC                ; UPC                ;
; Family name                                                                ; Cyclone 10 LP      ; Cyclone V          ;
; Use smart compilation                                                      ; Off                ; Off                ;
; Enable parallel Assembler and TimeQuest Timing Analyzer during compilation ; On                 ; On                 ;
; Enable compact report table                                                ; Off                ; Off                ;
; Restructure Multiplexers                                                   ; Auto               ; Auto               ;
; Create Debugging Nodes for IP Cores                                        ; Off                ; Off                ;
; Preserve fewer node names                                                  ; On                 ; On                 ;
; Intel FPGA IP Evaluation Mode                                              ; Enable             ; Enable             ;
; Verilog Version                                                            ; Verilog_2001       ; Verilog_2001       ;
; VHDL Version                                                               ; VHDL_1993          ; VHDL_1993          ;
; State Machine Processing                                                   ; Auto               ; Auto               ;
; Safe State Machine                                                         ; Off                ; Off                ;
; Extract Verilog State Machines                                             ; On                 ; On                 ;
; Extract VHDL State Machines                                                ; On                 ; On                 ;
; Ignore Verilog initial constructs                                          ; Off                ; Off                ;
; Iteration limit for constant Verilog loops                                 ; 5000               ; 5000               ;
; Iteration limit for non-constant Verilog loops                             ; 250                ; 250                ;
; Add Pass-Through Logic to Inferred RAMs                                    ; On                 ; On                 ;
; Infer RAMs from Raw Logic                                                  ; On                 ; On                 ;
; Parallel Synthesis                                                         ; On                 ; On                 ;
; DSP Block Balancing                                                        ; Auto               ; Auto               ;
; NOT Gate Push-Back                                                         ; On                 ; On                 ;
; Power-Up Don't Care                                                        ; On                 ; On                 ;
; Remove Redundant Logic Cells                                               ; Off                ; Off                ;
; Remove Duplicate Registers                                                 ; On                 ; On                 ;
; Ignore CARRY Buffers                                                       ; Off                ; Off                ;
; Ignore CASCADE Buffers                                                     ; Off                ; Off                ;
; Ignore GLOBAL Buffers                                                      ; Off                ; Off                ;
; Ignore ROW GLOBAL Buffers                                                  ; Off                ; Off                ;
; Ignore LCELL Buffers                                                       ; Off                ; Off                ;
; Ignore SOFT Buffers                                                        ; On                 ; On                 ;
; Limit AHDL Integers to 32 Bits                                             ; Off                ; Off                ;
; Optimization Technique                                                     ; Balanced           ; Balanced           ;
; Carry Chain Length                                                         ; 70                 ; 70                 ;
; Auto Carry Chains                                                          ; On                 ; On                 ;
; Auto Open-Drain Pins                                                       ; On                 ; On                 ;
; Perform WYSIWYG Primitive Resynthesis                                      ; Off                ; Off                ;
; Auto ROM Replacement                                                       ; On                 ; On                 ;
; Auto RAM Replacement                                                       ; On                 ; On                 ;
; Auto DSP Block Replacement                                                 ; On                 ; On                 ;
; Auto Shift Register Replacement                                            ; Auto               ; Auto               ;
; Allow Shift Register Merging across Hierarchies                            ; Auto               ; Auto               ;
; Auto Clock Enable Replacement                                              ; On                 ; On                 ;
; Strict RAM Replacement                                                     ; Off                ; Off                ;
; Allow Synchronous Control Signals                                          ; On                 ; On                 ;
; Force Use of Synchronous Clear Signals                                     ; Off                ; Off                ;
; Auto RAM Block Balancing                                                   ; On                 ; On                 ;
; Auto RAM to Logic Cell Conversion                                          ; Off                ; Off                ;
; Auto Resource Sharing                                                      ; Off                ; Off                ;
; Allow Any RAM Size For Recognition                                         ; Off                ; Off                ;
; Allow Any ROM Size For Recognition                                         ; Off                ; Off                ;
; Allow Any Shift Register Size For Recognition                              ; Off                ; Off                ;
; Use LogicLock Constraints during Resource Balancing                        ; On                 ; On                 ;
; Ignore translate_off and synthesis_off directives                          ; Off                ; Off                ;
; Timing-Driven Synthesis                                                    ; On                 ; On                 ;
; Report Parameter Settings                                                  ; On                 ; On                 ;
; Report Source Assignments                                                  ; On                 ; On                 ;
; Report Connectivity Checks                                                 ; On                 ; On                 ;
; Ignore Maximum Fan-Out Assignments                                         ; Off                ; Off                ;
; Synchronization Register Chain Length                                      ; 2                  ; 2                  ;
; Power Optimization During Synthesis                                        ; Normal compilation ; Normal compilation ;
; HDL message level                                                          ; Level2             ; Level2             ;
; Suppress Register Optimization Related Messages                            ; Off                ; Off                ;
; Number of Removed Registers Reported in Synthesis Report                   ; 5000               ; 5000               ;
; Number of Swept Nodes Reported in Synthesis Report                         ; 5000               ; 5000               ;
; Number of Inverted Registers Reported in Synthesis Report                  ; 100                ; 100                ;
; Clock MUX Protection                                                       ; On                 ; On                 ;
; Auto Gated Clock Conversion                                                ; Off                ; Off                ;
; Block Design Naming                                                        ; Auto               ; Auto               ;
; SDC constraint protection                                                  ; Off                ; Off                ;
; Synthesis Effort                                                           ; Auto               ; Auto               ;
; Shift Register Replacement - Allow Asynchronous Clear Signal               ; On                 ; On                 ;
; Pre-Mapping Resynthesis Optimization                                       ; Off                ; Off                ;
; Analysis & Synthesis Message Level                                         ; Medium             ; Medium             ;
; Disable Register Merging Across Hierarchies                                ; Auto               ; Auto               ;
; Resource Aware Inference For Block RAM                                     ; On                 ; On                 ;
+----------------------------------------------------------------------------+--------------------+--------------------+


+------------------------------------------+
; Parallel Compilation                     ;
+----------------------------+-------------+
; Processors                 ; Number      ;
+----------------------------+-------------+
; Number detected on machine ; 8           ;
; Maximum allowed            ; 4           ;
;                            ;             ;
; Average used               ; 1.00        ;
; Maximum used               ; 4           ;
;                            ;             ;
; Usage by Processor         ; % Time Used ;
;     Processor 1            ; 100.0%      ;
;     Processors 2-4         ;   0.0%      ;
+----------------------------+-------------+


+-----------------------------------------------------------------------------------------------------------------------------------------------------------------------------------------------------------------------------------------------+
; Analysis & Synthesis Source Files Read                                                                                                                                                                                                        ;
+--------------------------------------------------------------------+-----------------+----------------------------------------------+-------------------------------------------------------------------------------------------+-------------+
; File Name with User-Entered Path                                   ; Used in Netlist ; File Type                                    ; File Name with Absolute Path                                                              ; Library     ;
+--------------------------------------------------------------------+-----------------+----------------------------------------------+-------------------------------------------------------------------------------------------+-------------+
; decoderB.bdf                                                       ; yes             ; User Block Diagram/Schematic File            ; G:/computer/UPCtop/UPC/decoderB.bdf                                                       ;             ;
; decoderA.bdf                                                       ; yes             ; User Block Diagram/Schematic File            ; G:/computer/UPCtop/UPC/decoderA.bdf                                                       ;             ;
; decoder_D.bdf                                                      ; yes             ; User Block Diagram/Schematic File            ; G:/computer/UPCtop/UPC/decoder_D.bdf                                                      ;             ;
; ROMIP.v                                                            ; yes             ; User Wizard-Generated File                   ; G:/computer/UPCtop/UPC/ROMIP.v                                                            ;             ;
; mc.bdf                                                             ; yes             ; User Block Diagram/Schematic File            ; G:/computer/UPCtop/UPC/mc.bdf                                                             ;             ;
; decoder_C.bdf                                                      ; yes             ; User Block Diagram/Schematic File            ; G:/computer/UPCtop/UPC/decoder_C.bdf                                                      ;             ;
; UPC.bdf                                                            ; yes             ; User Block Diagram/Schematic File            ; G:/computer/UPCtop/UPC/UPC.bdf                                                            ;             ;
; Mif2.mif                                                           ; yes             ; User Memory Initialization File              ; G:/computer/UPCtop/UPC/Mif2.mif                                                           ;             ;
; 74139m.bdf                                                         ; yes             ; Megafunction                                 ; e:/computer/quartus/libraries/others/maxplus2/74139m.bdf                                  ;             ;
; altsyncram.tdf                                                     ; yes             ; Megafunction                                 ; e:/computer/quartus/libraries/megafunctions/altsyncram.tdf                                ;             ;
; stratix_ram_block.inc                                              ; yes             ; Megafunction                                 ; e:/computer/quartus/libraries/megafunctions/stratix_ram_block.inc                         ;             ;
; lpm_mux.inc                                                        ; yes             ; Megafunction                                 ; e:/computer/quartus/libraries/megafunctions/lpm_mux.inc                                   ;             ;
; lpm_decode.inc                                                     ; yes             ; Megafunction                                 ; e:/computer/quartus/libraries/megafunctions/lpm_decode.inc                                ;             ;
; aglobal171.inc                                                     ; yes             ; Megafunction                                 ; e:/computer/quartus/libraries/megafunctions/aglobal171.inc                                ;             ;
; a_rdenreg.inc                                                      ; yes             ; Megafunction                                 ; e:/computer/quartus/libraries/megafunctions/a_rdenreg.inc                                 ;             ;
; altrom.inc                                                         ; yes             ; Megafunction                                 ; e:/computer/quartus/libraries/megafunctions/altrom.inc                                    ;             ;
; altram.inc                                                         ; yes             ; Megafunction                                 ; e:/computer/quartus/libraries/megafunctions/altram.inc                                    ;             ;
; altdpram.inc                                                       ; yes             ; Megafunction                                 ; e:/computer/quartus/libraries/megafunctions/altdpram.inc                                  ;             ;
; db/altsyncram_loc1.tdf                                             ; yes             ; Auto-Generated Megafunction                  ; G:/computer/UPCtop/UPC/db/altsyncram_loc1.tdf                                             ;             ;
; db/altsyncram_c8e2.tdf                                             ; yes             ; Auto-Generated Megafunction                  ; G:/computer/UPCtop/UPC/db/altsyncram_c8e2.tdf                                             ;             ;
; sld_mod_ram_rom.vhd                                                ; yes             ; Encrypted Megafunction                       ; e:/computer/quartus/libraries/megafunctions/sld_mod_ram_rom.vhd                           ;             ;
; sld_jtag_endpoint_adapter.vhd                                      ; yes             ; Encrypted Megafunction                       ; e:/computer/quartus/libraries/megafunctions/sld_jtag_endpoint_adapter.vhd                 ;             ;
; sld_jtag_endpoint_adapter_impl.sv                                  ; yes             ; Encrypted Megafunction                       ; e:/computer/quartus/libraries/megafunctions/sld_jtag_endpoint_adapter_impl.sv             ;             ;
; sld_rom_sr.vhd                                                     ; yes             ; Encrypted Megafunction                       ; e:/computer/quartus/libraries/megafunctions/sld_rom_sr.vhd                                ;             ;
; cmotdemo.bdf                                                       ; yes             ; Auto-Found Block Diagram/Schematic File      ; G:/computer/UPCtop/UPC/cmotdemo.bdf                                                       ;             ;
; 74138.bdf                                                          ; yes             ; Megafunction                                 ; e:/computer/quartus/libraries/others/maxplus2/74138.bdf                                   ;             ;
; sld_hub.vhd                                                        ; yes             ; Encrypted Megafunction                       ; e:/computer/quartus/libraries/megafunctions/sld_hub.vhd                                   ; altera_sld  ;
; db/ip/sld4788bb82/alt_sld_fab.v                                    ; yes             ; Encrypted Auto-Found Verilog HDL File        ; G:/computer/UPCtop/UPC/db/ip/sld4788bb82/alt_sld_fab.v                                    ; alt_sld_fab ;
; db/ip/sld4788bb82/submodules/alt_sld_fab_alt_sld_fab.v             ; yes             ; Encrypted Auto-Found Verilog HDL File        ; G:/computer/UPCtop/UPC/db/ip/sld4788bb82/submodules/alt_sld_fab_alt_sld_fab.v             ; alt_sld_fab ;
; db/ip/sld4788bb82/submodules/alt_sld_fab_alt_sld_fab_ident.sv      ; yes             ; Auto-Found SystemVerilog HDL File            ; G:/computer/UPCtop/UPC/db/ip/sld4788bb82/submodules/alt_sld_fab_alt_sld_fab_ident.sv      ; alt_sld_fab ;
; db/ip/sld4788bb82/submodules/alt_sld_fab_alt_sld_fab_presplit.sv   ; yes             ; Encrypted Auto-Found SystemVerilog HDL File  ; G:/computer/UPCtop/UPC/db/ip/sld4788bb82/submodules/alt_sld_fab_alt_sld_fab_presplit.sv   ; alt_sld_fab ;
; db/ip/sld4788bb82/submodules/alt_sld_fab_alt_sld_fab_sldfabric.vhd ; yes             ; Encrypted Auto-Found VHDL File               ; G:/computer/UPCtop/UPC/db/ip/sld4788bb82/submodules/alt_sld_fab_alt_sld_fab_sldfabric.vhd ; alt_sld_fab ;
; db/ip/sld4788bb82/submodules/alt_sld_fab_alt_sld_fab_splitter.sv   ; yes             ; Encrypted Auto-Found SystemVerilog HDL File  ; G:/computer/UPCtop/UPC/db/ip/sld4788bb82/submodules/alt_sld_fab_alt_sld_fab_splitter.sv   ; alt_sld_fab ;
; sld_jtag_hub.vhd                                                   ; yes             ; Encrypted Megafunction                       ; e:/computer/quartus/libraries/megafunctions/sld_jtag_hub.vhd                              ;             ;
+--------------------------------------------------------------------+-----------------+----------------------------------------------+-------------------------------------------------------------------------------------------+-------------+


+------------------------------------------------------------------------+
; Analysis & Synthesis Resource Usage Summary                            ;
+---------------------------------------------+--------------------------+
; Resource                                    ; Usage                    ;
+---------------------------------------------+--------------------------+
; Estimated Total logic elements              ; 285                      ;
;                                             ;                          ;
; Total combinational functions               ; 253                      ;
; Logic element usage by number of LUT inputs ;                          ;
;     -- 4 input functions                    ; 96                       ;
;     -- 3 input functions                    ; 83                       ;
;     -- <=2 input functions                  ; 74                       ;
;                                             ;                          ;
; Logic elements by mode                      ;                          ;
;     -- normal mode                          ; 232                      ;
;     -- arithmetic mode                      ; 21                       ;
;                                             ;                          ;
; Total registers                             ; 145                      ;
;     -- Dedicated logic registers            ; 145                      ;
;     -- I/O registers                        ; 0                        ;
;                                             ;                          ;
; I/O pins                                    ; 60                       ;
; Total memory bits                           ; 1536                     ;
;                                             ;                          ;
; Embedded Multiplier 9-bit elements          ; 0                        ;
;                                             ;                          ;
; Maximum fan-out node                        ; altera_internal_jtag~TDO ;
; Maximum fan-out                             ; 187                      ;
; Total fan-out                               ; 1750                     ;
; Average fan-out                             ; 3.18                     ;
+---------------------------------------------+--------------------------+


+-------------------------------------------------------------------------------------------------------------------------------------------------------------------------------------------------------------------------------------------------------------------------------------------------------------------------------------------------------------------------------------------------------------------------------------------------------------------------------------------------------------------------------------------------------------------------------------------------------------------------------------------------------------------------+
; Analysis & Synthesis Resource Utilization by Entity                                                                                                                                                                                                                                                                                                                                                                                                                                                                                                                                                                                                                     ;
+-----------------------------------------------------------------------------------------------------------------------------------------+---------------------+---------------------------+-------------+--------------+---------+-----------+------+--------------+-------------------------------------------------------------------------------------------------------------------------------------------------------------------------------------------------------------------------------------------------------------------------------------------------------------------------------------------------+-----------------------------------+--------------+
; Compilation Hierarchy Node                                                                                                              ; Combinational ALUTs ; Dedicated Logic Registers ; Memory Bits ; DSP Elements ; DSP 9x9 ; DSP 18x18 ; Pins ; Virtual Pins ; Full Hierarchy Name                                                                                                                                                                                                                                                                                                                             ; Entity Name                       ; Library Name ;
+-----------------------------------------------------------------------------------------------------------------------------------------+---------------------+---------------------------+-------------+--------------+---------+-----------+------+--------------+-------------------------------------------------------------------------------------------------------------------------------------------------------------------------------------------------------------------------------------------------------------------------------------------------------------------------------------------------+-----------------------------------+--------------+
; |UPC                                                                                                                                    ; 253 (3)             ; 145 (0)                   ; 1536        ; 0            ; 0       ; 0         ; 60   ; 0            ; |UPC                                                                                                                                                                                                                                                                                                                                            ; UPC                               ; work         ;
;    |CmotDemo:inst|                                                                                                                      ; 11 (11)             ; 0 (0)                     ; 0           ; 0            ; 0       ; 0         ; 0    ; 0            ; |UPC|CmotDemo:inst                                                                                                                                                                                                                                                                                                                              ; CmotDemo                          ; work         ;
;    |ROMIP:inst6|                                                                                                                        ; 82 (0)              ; 52 (0)                    ; 1536        ; 0            ; 0       ; 0         ; 0    ; 0            ; |UPC|ROMIP:inst6                                                                                                                                                                                                                                                                                                                                ; ROMIP                             ; work         ;
;       |altsyncram:altsyncram_component|                                                                                                 ; 82 (0)              ; 52 (0)                    ; 1536        ; 0            ; 0       ; 0         ; 0    ; 0            ; |UPC|ROMIP:inst6|altsyncram:altsyncram_component                                                                                                                                                                                                                                                                                                ; altsyncram                        ; work         ;
;          |altsyncram_loc1:auto_generated|                                                                                               ; 82 (0)              ; 52 (0)                    ; 1536        ; 0            ; 0       ; 0         ; 0    ; 0            ; |UPC|ROMIP:inst6|altsyncram:altsyncram_component|altsyncram_loc1:auto_generated                                                                                                                                                                                                                                                                 ; altsyncram_loc1                   ; work         ;
;             |altsyncram_c8e2:altsyncram1|                                                                                               ; 0 (0)               ; 0 (0)                     ; 1536        ; 0            ; 0       ; 0         ; 0    ; 0            ; |UPC|ROMIP:inst6|altsyncram:altsyncram_component|altsyncram_loc1:auto_generated|altsyncram_c8e2:altsyncram1                                                                                                                                                                                                                                     ; altsyncram_c8e2                   ; work         ;
;             |sld_mod_ram_rom:mgl_prim2|                                                                                                 ; 82 (57)             ; 52 (43)                   ; 0           ; 0            ; 0       ; 0         ; 0    ; 0            ; |UPC|ROMIP:inst6|altsyncram:altsyncram_component|altsyncram_loc1:auto_generated|sld_mod_ram_rom:mgl_prim2                                                                                                                                                                                                                                       ; sld_mod_ram_rom                   ; work         ;
;                |sld_rom_sr:\ram_rom_logic_gen:name_gen:info_rom_sr|                                                                     ; 25 (25)             ; 9 (9)                     ; 0           ; 0            ; 0       ; 0         ; 0    ; 0            ; |UPC|ROMIP:inst6|altsyncram:altsyncram_component|altsyncram_loc1:auto_generated|sld_mod_ram_rom:mgl_prim2|sld_rom_sr:\ram_rom_logic_gen:name_gen:info_rom_sr                                                                                                                                                                                    ; sld_rom_sr                        ; work         ;
;    |decoderA:inst7|                                                                                                                     ; 6 (0)               ; 0 (0)                     ; 0           ; 0            ; 0       ; 0         ; 0    ; 0            ; |UPC|decoderA:inst7                                                                                                                                                                                                                                                                                                                             ; decoderA                          ; work         ;
;       |74138:inst|                                                                                                                      ; 6 (6)               ; 0 (0)                     ; 0           ; 0            ; 0       ; 0         ; 0    ; 0            ; |UPC|decoderA:inst7|74138:inst                                                                                                                                                                                                                                                                                                                  ; 74138                             ; work         ;
;    |decoderB:inst8|                                                                                                                     ; 6 (0)               ; 0 (0)                     ; 0           ; 0            ; 0       ; 0         ; 0    ; 0            ; |UPC|decoderB:inst8                                                                                                                                                                                                                                                                                                                             ; decoderB                          ; work         ;
;       |74138:inst|                                                                                                                      ; 6 (6)               ; 0 (0)                     ; 0           ; 0            ; 0       ; 0         ; 0    ; 0            ; |UPC|decoderB:inst8|74138:inst                                                                                                                                                                                                                                                                                                                  ; 74138                             ; work         ;
;    |decoder_D:inst9|                                                                                                                    ; 3 (0)               ; 0 (0)                     ; 0           ; 0            ; 0       ; 0         ; 0    ; 0            ; |UPC|decoder_D:inst9                                                                                                                                                                                                                                                                                                                            ; decoder_D                         ; work         ;
;       |74139m:inst|                                                                                                                     ; 3 (3)               ; 0 (0)                     ; 0           ; 0            ; 0       ; 0         ; 0    ; 0            ; |UPC|decoder_D:inst9|74139m:inst                                                                                                                                                                                                                                                                                                                ; 74139m                            ; work         ;
;    |mc:inst2|                                                                                                                           ; 20 (20)             ; 6 (6)                     ; 0           ; 0            ; 0       ; 0         ; 0    ; 0            ; |UPC|mc:inst2                                                                                                                                                                                                                                                                                                                                   ; mc                                ; work         ;
;    |sld_hub:auto_hub|                                                                                                                   ; 122 (1)             ; 87 (0)                    ; 0           ; 0            ; 0       ; 0         ; 0    ; 0            ; |UPC|sld_hub:auto_hub                                                                                                                                                                                                                                                                                                                           ; sld_hub                           ; altera_sld   ;
;       |alt_sld_fab_with_jtag_input:\instrumentation_fabric_with_node_gen:fabric_gen_new_way:with_jtag_input_gen:instrumentation_fabric| ; 121 (0)             ; 87 (0)                    ; 0           ; 0            ; 0       ; 0         ; 0    ; 0            ; |UPC|sld_hub:auto_hub|alt_sld_fab_with_jtag_input:\instrumentation_fabric_with_node_gen:fabric_gen_new_way:with_jtag_input_gen:instrumentation_fabric                                                                                                                                                                                           ; alt_sld_fab_with_jtag_input       ; altera_sld   ;
;          |alt_sld_fab:instrumentation_fabric|                                                                                           ; 121 (0)             ; 87 (0)                    ; 0           ; 0            ; 0       ; 0         ; 0    ; 0            ; |UPC|sld_hub:auto_hub|alt_sld_fab_with_jtag_input:\instrumentation_fabric_with_node_gen:fabric_gen_new_way:with_jtag_input_gen:instrumentation_fabric|alt_sld_fab:instrumentation_fabric                                                                                                                                                        ; alt_sld_fab                       ; alt_sld_fab  ;
;             |alt_sld_fab_alt_sld_fab:alt_sld_fab|                                                                                       ; 121 (1)             ; 87 (5)                    ; 0           ; 0            ; 0       ; 0         ; 0    ; 0            ; |UPC|sld_hub:auto_hub|alt_sld_fab_with_jtag_input:\instrumentation_fabric_with_node_gen:fabric_gen_new_way:with_jtag_input_gen:instrumentation_fabric|alt_sld_fab:instrumentation_fabric|alt_sld_fab_alt_sld_fab:alt_sld_fab                                                                                                                    ; alt_sld_fab_alt_sld_fab           ; alt_sld_fab  ;
;                |alt_sld_fab_alt_sld_fab_sldfabric:sldfabric|                                                                            ; 120 (0)             ; 82 (0)                    ; 0           ; 0            ; 0       ; 0         ; 0    ; 0            ; |UPC|sld_hub:auto_hub|alt_sld_fab_with_jtag_input:\instrumentation_fabric_with_node_gen:fabric_gen_new_way:with_jtag_input_gen:instrumentation_fabric|alt_sld_fab:instrumentation_fabric|alt_sld_fab_alt_sld_fab:alt_sld_fab|alt_sld_fab_alt_sld_fab_sldfabric:sldfabric                                                                        ; alt_sld_fab_alt_sld_fab_sldfabric ; alt_sld_fab  ;
;                   |sld_jtag_hub:\jtag_hub_gen:real_sld_jtag_hub|                                                                        ; 120 (84)            ; 82 (54)                   ; 0           ; 0            ; 0       ; 0         ; 0    ; 0            ; |UPC|sld_hub:auto_hub|alt_sld_fab_with_jtag_input:\instrumentation_fabric_with_node_gen:fabric_gen_new_way:with_jtag_input_gen:instrumentation_fabric|alt_sld_fab:instrumentation_fabric|alt_sld_fab_alt_sld_fab:alt_sld_fab|alt_sld_fab_alt_sld_fab_sldfabric:sldfabric|sld_jtag_hub:\jtag_hub_gen:real_sld_jtag_hub                           ; sld_jtag_hub                      ; work         ;
;                      |sld_rom_sr:hub_info_reg|                                                                                          ; 18 (18)             ; 9 (9)                     ; 0           ; 0            ; 0       ; 0         ; 0    ; 0            ; |UPC|sld_hub:auto_hub|alt_sld_fab_with_jtag_input:\instrumentation_fabric_with_node_gen:fabric_gen_new_way:with_jtag_input_gen:instrumentation_fabric|alt_sld_fab:instrumentation_fabric|alt_sld_fab_alt_sld_fab:alt_sld_fab|alt_sld_fab_alt_sld_fab_sldfabric:sldfabric|sld_jtag_hub:\jtag_hub_gen:real_sld_jtag_hub|sld_rom_sr:hub_info_reg   ; sld_rom_sr                        ; work         ;
;                      |sld_shadow_jsm:shadow_jsm|                                                                                        ; 18 (18)             ; 19 (19)                   ; 0           ; 0            ; 0       ; 0         ; 0    ; 0            ; |UPC|sld_hub:auto_hub|alt_sld_fab_with_jtag_input:\instrumentation_fabric_with_node_gen:fabric_gen_new_way:with_jtag_input_gen:instrumentation_fabric|alt_sld_fab:instrumentation_fabric|alt_sld_fab_alt_sld_fab:alt_sld_fab|alt_sld_fab_alt_sld_fab_sldfabric:sldfabric|sld_jtag_hub:\jtag_hub_gen:real_sld_jtag_hub|sld_shadow_jsm:shadow_jsm ; sld_shadow_jsm                    ; altera_sld   ;
+-----------------------------------------------------------------------------------------------------------------------------------------+---------------------+---------------------------+-------------+--------------+---------+-----------+------+--------------+-------------------------------------------------------------------------------------------------------------------------------------------------------------------------------------------------------------------------------------------------------------------------------------------------------------------------------------------------+-----------------------------------+--------------+
Note: For table entries with two numbers listed, the numbers in parentheses indicate the number of resources of the given type used by the specific entity alone. The numbers listed outside of parentheses indicate the total resources of the given type used by the specific entity and all of its sub-entities in the hierarchy.


+-------------------------------------------------------------------------------------------------------------------------------------------------------------------------------------------------------------------------+
; Analysis & Synthesis RAM Summary                                                                                                                                                                                        ;
+-------------------------------------------------------------------------------------------------------------------+------+----------------+--------------+--------------+--------------+--------------+------+----------+
; Name                                                                                                              ; Type ; Mode           ; Port A Depth ; Port A Width ; Port B Depth ; Port B Width ; Size ; MIF      ;
+-------------------------------------------------------------------------------------------------------------------+------+----------------+--------------+--------------+--------------+--------------+------+----------+
; ROMIP:inst6|altsyncram:altsyncram_component|altsyncram_loc1:auto_generated|altsyncram_c8e2:altsyncram1|ALTSYNCRAM ; M9K  ; True Dual Port ; 64           ; 24           ; 64           ; 24           ; 1536 ; Mif2.mif ;
+-------------------------------------------------------------------------------------------------------------------+------+----------------+--------------+--------------+--------------+--------------+------+----------+


+------------------------------------------------------------------------------------------------------------------------------------------------------------------------------------------------------------------------------------------------------------------------------------------------------------------------------------------------------------+
; Analysis & Synthesis IP Cores Summary                                                                                                                                                                                                                                                                                                                      ;
+--------+--------------+---------+--------------+--------------+--------------------------------------------------------------------------------------------------------------------------------------------------------------------------------------------------------------------------------------------------------------------------+-----------------+
; Vendor ; IP Core Name ; Version ; Release Date ; License Type ; Entity Instance                                                                                                                                                                                                                                                          ; IP Include File ;
+--------+--------------+---------+--------------+--------------+--------------------------------------------------------------------------------------------------------------------------------------------------------------------------------------------------------------------------------------------------------------------------+-----------------+
; Altera ; Signal Tap   ; N/A     ; N/A          ; Licensed     ; |UPC|sld_hub:auto_hub|alt_sld_fab_with_jtag_input:\instrumentation_fabric_with_node_gen:fabric_gen_new_way:with_jtag_input_gen:instrumentation_fabric|alt_sld_fab:instrumentation_fabric                                                                                 ;                 ;
; Altera ; Signal Tap   ; N/A     ; N/A          ; Licensed     ; |UPC|sld_hub:auto_hub|alt_sld_fab_with_jtag_input:\instrumentation_fabric_with_node_gen:fabric_gen_new_way:with_jtag_input_gen:instrumentation_fabric|alt_sld_fab:instrumentation_fabric|alt_sld_fab_alt_sld_fab:alt_sld_fab                                             ;                 ;
; Altera ; Signal Tap   ; N/A     ; N/A          ; Licensed     ; |UPC|sld_hub:auto_hub|alt_sld_fab_with_jtag_input:\instrumentation_fabric_with_node_gen:fabric_gen_new_way:with_jtag_input_gen:instrumentation_fabric|alt_sld_fab:instrumentation_fabric|alt_sld_fab_alt_sld_fab:alt_sld_fab|alt_sld_fab_alt_sld_fab_presplit:presplit   ;                 ;
; Altera ; Signal Tap   ; N/A     ; N/A          ; Licensed     ; |UPC|sld_hub:auto_hub|alt_sld_fab_with_jtag_input:\instrumentation_fabric_with_node_gen:fabric_gen_new_way:with_jtag_input_gen:instrumentation_fabric|alt_sld_fab:instrumentation_fabric|alt_sld_fab_alt_sld_fab:alt_sld_fab|alt_sld_fab_alt_sld_fab_sldfabric:sldfabric ;                 ;
; Altera ; Signal Tap   ; N/A     ; N/A          ; Licensed     ; |UPC|sld_hub:auto_hub|alt_sld_fab_with_jtag_input:\instrumentation_fabric_with_node_gen:fabric_gen_new_way:with_jtag_input_gen:instrumentation_fabric|alt_sld_fab:instrumentation_fabric|alt_sld_fab_alt_sld_fab:alt_sld_fab|alt_sld_fab_alt_sld_fab_splitter:splitter   ;                 ;
; Altera ; ROM: 1-PORT  ; 17.1    ; N/A          ; N/A          ; |UPC|ROMIP:inst6                                                                                                                                                                                                                                                         ; ROMIP.v         ;
+--------+--------------+---------+--------------+--------------+--------------------------------------------------------------------------------------------------------------------------------------------------------------------------------------------------------------------------------------------------------------------------+-----------------+


+------------------------------------------------------+
; General Register Statistics                          ;
+----------------------------------------------+-------+
; Statistic                                    ; Value ;
+----------------------------------------------+-------+
; Total registers                              ; 145   ;
; Number of registers using Synchronous Clear  ; 17    ;
; Number of registers using Synchronous Load   ; 16    ;
; Number of registers using Asynchronous Clear ; 59    ;
; Number of registers using Asynchronous Load  ; 0     ;
; Number of registers using Clock Enable       ; 105   ;
; Number of registers using Preset             ; 0     ;
+----------------------------------------------+-------+


+-------------------------------------------------------------------------------------------------------------------------------------------------------------------------------------------------------------------------------------------------------------------------------------------------------------------------------------------+
; Inverted Register Statistics                                                                                                                                                                                                                                                                                                              ;
+---------------------------------------------------------------------------------------------------------------------------------------------------------------------------------------------------------------------------------------------------------------------------------------------------------------------------------+---------+
; Inverted Register                                                                                                                                                                                                                                                                                                               ; Fan out ;
+---------------------------------------------------------------------------------------------------------------------------------------------------------------------------------------------------------------------------------------------------------------------------------------------------------------------------------+---------+
; sld_hub:auto_hub|alt_sld_fab_with_jtag_input:\instrumentation_fabric_with_node_gen:fabric_gen_new_way:with_jtag_input_gen:instrumentation_fabric|alt_sld_fab:instrumentation_fabric|alt_sld_fab_alt_sld_fab:alt_sld_fab|alt_sld_fab_alt_sld_fab_sldfabric:sldfabric|sld_jtag_hub:\jtag_hub_gen:real_sld_jtag_hub|jtag_ir_reg[2] ; 2       ;
; sld_hub:auto_hub|alt_sld_fab_with_jtag_input:\instrumentation_fabric_with_node_gen:fabric_gen_new_way:with_jtag_input_gen:instrumentation_fabric|alt_sld_fab:instrumentation_fabric|alt_sld_fab_alt_sld_fab:alt_sld_fab|alt_sld_fab_alt_sld_fab_sldfabric:sldfabric|sld_jtag_hub:\jtag_hub_gen:real_sld_jtag_hub|jtag_ir_reg[1] ; 3       ;
; Total number of inverted registers = 2                                                                                                                                                                                                                                                                                          ;         ;
+---------------------------------------------------------------------------------------------------------------------------------------------------------------------------------------------------------------------------------------------------------------------------------------------------------------------------------+---------+


+--------------------------------------------------------------------------------------------------------------------------------------------------------------------------------------------------------------------------------------------------------------------------------------------+
; Multiplexer Restructuring Statistics (Restructuring Performed)                                                                                                                                                                                                                             ;
+--------------------+-----------+---------------+----------------------+------------------------+------------+------------------------------------------------------------------------------------------------------------------------------------------------------------------------------+
; Multiplexer Inputs ; Bus Width ; Baseline Area ; Area if Restructured ; Saving if Restructured ; Registered ; Example Multiplexer Output                                                                                                                                                   ;
+--------------------+-----------+---------------+----------------------+------------------------+------------+------------------------------------------------------------------------------------------------------------------------------------------------------------------------------+
; 3:1                ; 5 bits    ; 10 LEs        ; 5 LEs                ; 5 LEs                  ; Yes        ; |UPC|ROMIP:inst6|altsyncram:altsyncram_component|altsyncram_loc1:auto_generated|sld_mod_ram_rom:mgl_prim2|ram_rom_data_shift_cntr_reg[4]                                     ;
; 3:1                ; 24 bits   ; 48 LEs        ; 24 LEs               ; 24 LEs                 ; Yes        ; |UPC|ROMIP:inst6|altsyncram:altsyncram_component|altsyncram_loc1:auto_generated|sld_mod_ram_rom:mgl_prim2|ram_rom_data_reg[17]                                               ;
; 3:1                ; 6 bits    ; 12 LEs        ; 6 LEs                ; 6 LEs                  ; Yes        ; |UPC|ROMIP:inst6|altsyncram:altsyncram_component|altsyncram_loc1:auto_generated|sld_mod_ram_rom:mgl_prim2|ram_rom_addr_reg[0]                                                ;
; 4:1                ; 5 bits    ; 10 LEs        ; 5 LEs                ; 5 LEs                  ; Yes        ; |UPC|ROMIP:inst6|altsyncram:altsyncram_component|altsyncram_loc1:auto_generated|sld_mod_ram_rom:mgl_prim2|sld_rom_sr:\ram_rom_logic_gen:name_gen:info_rom_sr|word_counter[0] ;
; 26:1               ; 4 bits    ; 68 LEs        ; 52 LEs               ; 16 LEs                 ; Yes        ; |UPC|ROMIP:inst6|altsyncram:altsyncram_component|altsyncram_loc1:auto_generated|sld_mod_ram_rom:mgl_prim2|sld_rom_sr:\ram_rom_logic_gen:name_gen:info_rom_sr|WORD_SR[0]      ;
+--------------------+-----------+---------------+----------------------+------------------------+------------+------------------------------------------------------------------------------------------------------------------------------------------------------------------------------+


+-------------------------------------------------------------------------------------------------------------------------------+
; Source assignments for ROMIP:inst6|altsyncram:altsyncram_component|altsyncram_loc1:auto_generated|altsyncram_c8e2:altsyncram1 ;
+---------------------------------+--------------------+------+-----------------------------------------------------------------+
; Assignment                      ; Value              ; From ; To                                                              ;
+---------------------------------+--------------------+------+-----------------------------------------------------------------+
; OPTIMIZE_POWER_DURING_SYNTHESIS ; NORMAL_COMPILATION ; -    ; -                                                               ;
+---------------------------------+--------------------+------+-----------------------------------------------------------------+


+------------------------------------------------------------------------------------------+
; Parameter Settings for User Entity Instance: ROMIP:inst6|altsyncram:altsyncram_component ;
+------------------------------------+----------------------+------------------------------+
; Parameter Name                     ; Value                ; Type                         ;
+------------------------------------+----------------------+------------------------------+
; BYTE_SIZE_BLOCK                    ; 8                    ; Untyped                      ;
; AUTO_CARRY_CHAINS                  ; ON                   ; AUTO_CARRY                   ;
; IGNORE_CARRY_BUFFERS               ; OFF                  ; IGNORE_CARRY                 ;
; AUTO_CASCADE_CHAINS                ; ON                   ; AUTO_CASCADE                 ;
; IGNORE_CASCADE_BUFFERS             ; OFF                  ; IGNORE_CASCADE               ;
; WIDTH_BYTEENA                      ; 1                    ; Untyped                      ;
; OPERATION_MODE                     ; ROM                  ; Untyped                      ;
; WIDTH_A                            ; 24                   ; Signed Integer               ;
; WIDTHAD_A                          ; 6                    ; Signed Integer               ;
; NUMWORDS_A                         ; 64                   ; Signed Integer               ;
; OUTDATA_REG_A                      ; CLOCK0               ; Untyped                      ;
; ADDRESS_ACLR_A                     ; NONE                 ; Untyped                      ;
; OUTDATA_ACLR_A                     ; NONE                 ; Untyped                      ;
; WRCONTROL_ACLR_A                   ; NONE                 ; Untyped                      ;
; INDATA_ACLR_A                      ; NONE                 ; Untyped                      ;
; BYTEENA_ACLR_A                     ; NONE                 ; Untyped                      ;
; WIDTH_B                            ; 1                    ; Untyped                      ;
; WIDTHAD_B                          ; 1                    ; Untyped                      ;
; NUMWORDS_B                         ; 1                    ; Untyped                      ;
; INDATA_REG_B                       ; CLOCK1               ; Untyped                      ;
; WRCONTROL_WRADDRESS_REG_B          ; CLOCK1               ; Untyped                      ;
; RDCONTROL_REG_B                    ; CLOCK1               ; Untyped                      ;
; ADDRESS_REG_B                      ; CLOCK1               ; Untyped                      ;
; OUTDATA_REG_B                      ; UNREGISTERED         ; Untyped                      ;
; BYTEENA_REG_B                      ; CLOCK1               ; Untyped                      ;
; INDATA_ACLR_B                      ; NONE                 ; Untyped                      ;
; WRCONTROL_ACLR_B                   ; NONE                 ; Untyped                      ;
; ADDRESS_ACLR_B                     ; NONE                 ; Untyped                      ;
; OUTDATA_ACLR_B                     ; NONE                 ; Untyped                      ;
; RDCONTROL_ACLR_B                   ; NONE                 ; Untyped                      ;
; BYTEENA_ACLR_B                     ; NONE                 ; Untyped                      ;
; WIDTH_BYTEENA_A                    ; 1                    ; Signed Integer               ;
; WIDTH_BYTEENA_B                    ; 1                    ; Untyped                      ;
; RAM_BLOCK_TYPE                     ; M9K                  ; Untyped                      ;
; BYTE_SIZE                          ; 8                    ; Untyped                      ;
; READ_DURING_WRITE_MODE_MIXED_PORTS ; DONT_CARE            ; Untyped                      ;
; READ_DURING_WRITE_MODE_PORT_A      ; NEW_DATA_NO_NBE_READ ; Untyped                      ;
; READ_DURING_WRITE_MODE_PORT_B      ; NEW_DATA_NO_NBE_READ ; Untyped                      ;
; INIT_FILE                          ; Mif2.mif             ; Untyped                      ;
; INIT_FILE_LAYOUT                   ; PORT_A               ; Untyped                      ;
; MAXIMUM_DEPTH                      ; 0                    ; Untyped                      ;
; CLOCK_ENABLE_INPUT_A               ; BYPASS               ; Untyped                      ;
; CLOCK_ENABLE_INPUT_B               ; NORMAL               ; Untyped                      ;
; CLOCK_ENABLE_OUTPUT_A              ; BYPASS               ; Untyped                      ;
; CLOCK_ENABLE_OUTPUT_B              ; NORMAL               ; Untyped                      ;
; CLOCK_ENABLE_CORE_A                ; USE_INPUT_CLKEN      ; Untyped                      ;
; CLOCK_ENABLE_CORE_B                ; USE_INPUT_CLKEN      ; Untyped                      ;
; ENABLE_ECC                         ; FALSE                ; Untyped                      ;
; ECC_PIPELINE_STAGE_ENABLED         ; FALSE                ; Untyped                      ;
; WIDTH_ECCSTATUS                    ; 3                    ; Untyped                      ;
; DEVICE_FAMILY                      ; Cyclone 10 LP        ; Untyped                      ;
; CBXI_PARAMETER                     ; altsyncram_loc1      ; Untyped                      ;
+------------------------------------+----------------------+------------------------------+
Note: In order to hide this table in the UI and the text report file, please set the "Show Parameter Settings in Synthesis Report" option in "Analysis and Synthesis Settings -> More Settings" to "Off".


+-----------------------------------------------------------------------------------------+
; altsyncram Parameter Settings by Entity Instance                                        ;
+-------------------------------------------+---------------------------------------------+
; Name                                      ; Value                                       ;
+-------------------------------------------+---------------------------------------------+
; Number of entity instances                ; 1                                           ;
; Entity Instance                           ; ROMIP:inst6|altsyncram:altsyncram_component ;
;     -- OPERATION_MODE                     ; ROM                                         ;
;     -- WIDTH_A                            ; 24                                          ;
;     -- NUMWORDS_A                         ; 64                                          ;
;     -- OUTDATA_REG_A                      ; CLOCK0                                      ;
;     -- WIDTH_B                            ; 1                                           ;
;     -- NUMWORDS_B                         ; 1                                           ;
;     -- ADDRESS_REG_B                      ; CLOCK1                                      ;
;     -- OUTDATA_REG_B                      ; UNREGISTERED                                ;
;     -- RAM_BLOCK_TYPE                     ; M9K                                         ;
;     -- READ_DURING_WRITE_MODE_MIXED_PORTS ; DONT_CARE                                   ;
+-------------------------------------------+---------------------------------------------+


+----------------------------------------------------------------------------------------------------------------------------------------+
; In-System Memory Content Editor Settings                                                                                               ;
+----------------+-------------+-------+-------+------------+----------------------------------------------------------------------------+
; Instance Index ; Instance ID ; Width ; Depth ; Mode       ; Hierarchy Location                                                         ;
+----------------+-------------+-------+-------+------------+----------------------------------------------------------------------------+
; 0              ; ROM         ; 24    ; 64    ; Read/Write ; ROMIP:inst6|altsyncram:altsyncram_component|altsyncram_loc1:auto_generated ;
+----------------+-------------+-------+-------+------------+----------------------------------------------------------------------------+


+-----------------------------------------------------+
; Post-Synthesis Netlist Statistics for Top Partition ;
+-----------------------+-----------------------------+
; Type                  ; Count                       ;
+-----------------------+-----------------------------+
; boundary_port         ; 87                          ;
; cycloneiii_ff         ; 58                          ;
;     CLR               ; 13                          ;
;     ENA               ; 28                          ;
;     ENA CLR           ; 6                           ;
;     ENA CLR SLD       ; 6                           ;
;     ENA SCLR          ; 5                           ;
; cycloneiii_lcell_comb ; 135                         ;
;     arith             ; 13                          ;
;         2 data inputs ; 13                          ;
;     normal            ; 122                         ;
;         0 data inputs ; 1                           ;
;         1 data inputs ; 8                           ;
;         2 data inputs ; 18                          ;
;         3 data inputs ; 51                          ;
;         4 data inputs ; 44                          ;
; cycloneiii_ram_block  ; 24                          ;
;                       ;                             ;
; Max LUT depth         ; 4.00                        ;
; Average LUT depth     ; 1.92                        ;
+-----------------------+-----------------------------+


+-------------------------------+
; Elapsed Time Per Partition    ;
+----------------+--------------+
; Partition Name ; Elapsed Time ;
+----------------+--------------+
; Top            ; 00:00:00     ;
+----------------+--------------+


+-------------------------------+
; Analysis & Synthesis Messages ;
+-------------------------------+
Info: *******************************************************************
Info: Running Quartus Prime Analysis & Synthesis
    Info: Version 17.1.0 Build 590 10/25/2017 SJ Standard Edition
    Info: Processing started: Thu Dec 30 16:43:35 2021
Info: Command: quartus_map --read_settings_files=on --write_settings_files=off UPC -c UPC
Warning (18236): Number of processors has not been specified which may cause overloading on shared machines.  Set the global assignment NUM_PARALLEL_PROCESSORS in your QSF to an appropriate value for best performance.
Info (20030): Parallel compilation is enabled and will use 4 of the 4 processors detected
Info (12021): Found 1 design units, including 1 entities, in source file decoderb.bdf
    Info (12023): Found entity 1: decoderB
Info (12021): Found 1 design units, including 1 entities, in source file decodera.bdf
    Info (12023): Found entity 1: decoderA
Info (12021): Found 1 design units, including 1 entities, in source file decoder_d.bdf
    Info (12023): Found entity 1: decoder_D
Info (12021): Found 1 design units, including 1 entities, in source file romip.v
    Info (12023): Found entity 1: ROMIP File: G:/computer/UPCtop/UPC/ROMIP.v Line: 39
Info (12021): Found 1 design units, including 1 entities, in source file mc.bdf
    Info (12023): Found entity 1: mc
Info (12021): Found 1 design units, including 1 entities, in source file decoder_c.bdf
    Info (12023): Found entity 1: decoder_C
Warning (12019): Can't analyze file -- file ../test2/CmotDemo.bdf is missing
Info (12021): Found 1 design units, including 1 entities, in source file upc.bdf
    Info (12023): Found entity 1: UPC
Info (12021): Found 1 design units, including 1 entities, in source file romip1.v
    Info (12023): Found entity 1: ROMIP1 File: G:/computer/UPCtop/UPC/ROMIP1.v Line: 39
Info (12127): Elaborating entity "UPC" for the top level hierarchy
Warning (275043): Pin "LDPC" is missing source
Info (12128): Elaborating entity "decoder_D" for hierarchy "decoder_D:inst9"
Info (12128): Elaborating entity "74139M" for hierarchy "decoder_D:inst9|74139M:inst"
Info (12130): Elaborated megafunction instantiation "decoder_D:inst9|74139M:inst"
Info (12128): Elaborating entity "ROMIP" for hierarchy "ROMIP:inst6"
Info (12128): Elaborating entity "altsyncram" for hierarchy "ROMIP:inst6|altsyncram:altsyncram_component" File: G:/computer/UPCtop/UPC/ROMIP.v Line: 81
Info (12130): Elaborated megafunction instantiation "ROMIP:inst6|altsyncram:altsyncram_component" File: G:/computer/UPCtop/UPC/ROMIP.v Line: 81
Info (12133): Instantiated megafunction "ROMIP:inst6|altsyncram:altsyncram_component" with the following parameter: File: G:/computer/UPCtop/UPC/ROMIP.v Line: 81
    Info (12134): Parameter "address_aclr_a" = "NONE"
    Info (12134): Parameter "clock_enable_input_a" = "BYPASS"
    Info (12134): Parameter "clock_enable_output_a" = "BYPASS"
    Info (12134): Parameter "init_file" = "Mif2.mif"
    Info (12134): Parameter "intended_device_family" = "Cyclone 10 LP"
    Info (12134): Parameter "lpm_hint" = "ENABLE_RUNTIME_MOD=YES,INSTANCE_NAME=ROM"
    Info (12134): Parameter "lpm_type" = "altsyncram"
    Info (12134): Parameter "numwords_a" = "64"
    Info (12134): Parameter "operation_mode" = "ROM"
    Info (12134): Parameter "outdata_aclr_a" = "NONE"
    Info (12134): Parameter "outdata_reg_a" = "CLOCK0"
    Info (12134): Parameter "ram_block_type" = "M9K"
    Info (12134): Parameter "widthad_a" = "6"
    Info (12134): Parameter "width_a" = "24"
    Info (12134): Parameter "width_byteena_a" = "1"
Info (12021): Found 1 design units, including 1 entities, in source file db/altsyncram_loc1.tdf
    Info (12023): Found entity 1: altsyncram_loc1 File: G:/computer/UPCtop/UPC/db/altsyncram_loc1.tdf Line: 27
Info (12128): Elaborating entity "altsyncram_loc1" for hierarchy "ROMIP:inst6|altsyncram:altsyncram_component|altsyncram_loc1:auto_generated" File: e:/computer/quartus/libraries/megafunctions/altsyncram.tdf Line: 791
Info (12021): Found 1 design units, including 1 entities, in source file db/altsyncram_c8e2.tdf
    Info (12023): Found entity 1: altsyncram_c8e2 File: G:/computer/UPCtop/UPC/db/altsyncram_c8e2.tdf Line: 27
Info (12128): Elaborating entity "altsyncram_c8e2" for hierarchy "ROMIP:inst6|altsyncram:altsyncram_component|altsyncram_loc1:auto_generated|altsyncram_c8e2:altsyncram1" File: G:/computer/UPCtop/UPC/db/altsyncram_loc1.tdf Line: 34
Info (12128): Elaborating entity "sld_mod_ram_rom" for hierarchy "ROMIP:inst6|altsyncram:altsyncram_component|altsyncram_loc1:auto_generated|sld_mod_ram_rom:mgl_prim2" File: G:/computer/UPCtop/UPC/db/altsyncram_loc1.tdf Line: 35
Info (12130): Elaborated megafunction instantiation "ROMIP:inst6|altsyncram:altsyncram_component|altsyncram_loc1:auto_generated|sld_mod_ram_rom:mgl_prim2" File: G:/computer/UPCtop/UPC/db/altsyncram_loc1.tdf Line: 35
Info (12133): Instantiated megafunction "ROMIP:inst6|altsyncram:altsyncram_component|altsyncram_loc1:auto_generated|sld_mod_ram_rom:mgl_prim2" with the following parameter: File: G:/computer/UPCtop/UPC/db/altsyncram_loc1.tdf Line: 35
    Info (12134): Parameter "CVALUE" = "000000000000000000000000"
    Info (12134): Parameter "IS_DATA_IN_RAM" = "1"
    Info (12134): Parameter "IS_READABLE" = "1"
    Info (12134): Parameter "NODE_NAME" = "1380928768"
    Info (12134): Parameter "NUMWORDS" = "64"
    Info (12134): Parameter "SHIFT_COUNT_BITS" = "5"
    Info (12134): Parameter "WIDTH_WORD" = "24"
    Info (12134): Parameter "WIDTHAD" = "6"
Info (12128): Elaborating entity "sld_jtag_endpoint_adapter" for hierarchy "ROMIP:inst6|altsyncram:altsyncram_component|altsyncram_loc1:auto_generated|sld_mod_ram_rom:mgl_prim2|sld_jtag_endpoint_adapter:jtag_signal_adapter" File: e:/computer/quartus/libraries/megafunctions/sld_mod_ram_rom.vhd Line: 302
Info (12128): Elaborating entity "sld_jtag_endpoint_adapter_impl" for hierarchy "ROMIP:inst6|altsyncram:altsyncram_component|altsyncram_loc1:auto_generated|sld_mod_ram_rom:mgl_prim2|sld_jtag_endpoint_adapter:jtag_signal_adapter|sld_jtag_endpoint_adapter_impl:sld_jtag_endpoint_adapter_impl_inst" File: e:/computer/quartus/libraries/megafunctions/sld_jtag_endpoint_adapter.vhd Line: 232
Info (12128): Elaborating entity "sld_rom_sr" for hierarchy "ROMIP:inst6|altsyncram:altsyncram_component|altsyncram_loc1:auto_generated|sld_mod_ram_rom:mgl_prim2|sld_rom_sr:\ram_rom_logic_gen:name_gen:info_rom_sr" File: e:/computer/quartus/libraries/megafunctions/sld_mod_ram_rom.vhd Line: 828
Info (12128): Elaborating entity "mc" for hierarchy "mc:inst2"
Warning (12125): Using design file cmotdemo.bdf, which is not specified as a design file for the current project, but contains definitions for 1 design units and 1 entities in project
    Info (12023): Found entity 1: CmotDemo
Info (12128): Elaborating entity "CmotDemo" for hierarchy "CmotDemo:inst"
Info (12128): Elaborating entity "decoder_C" for hierarchy "decoder_C:inst1"
Info (12128): Elaborating entity "74138" for hierarchy "decoder_C:inst1|74138:inst"
Info (12130): Elaborated megafunction instantiation "decoder_C:inst1|74138:inst"
Info (12128): Elaborating entity "decoderA" for hierarchy "decoderA:inst7"
Warning (275011): Block or symbol "NOT" of instance "inst1" overlaps another block or symbol
Info (12128): Elaborating entity "decoderB" for hierarchy "decoderB:inst8"
Info (11170): Starting IP generation for the debug fabric: alt_sld_fab.
Info (11172): 2021.12.30.16:43:47 Progress: Loading sld4788bb82/alt_sld_fab_wrapper_hw.tcl
Info (11172): Alt_sld_fab.alt_sld_fab: SLD fabric agents which did not specify prefer_host were connected to JTAG
Info (11172): Alt_sld_fab: Generating alt_sld_fab "alt_sld_fab" for QUARTUS_SYNTH
Info (11172): Alt_sld_fab: "alt_sld_fab" instantiated alt_sld_fab "alt_sld_fab"
Info (11172): Presplit: "alt_sld_fab" instantiated altera_super_splitter "presplit"
Info (11172): Splitter: "alt_sld_fab" instantiated altera_sld_splitter "splitter"
Info (11172): Sldfabric: "alt_sld_fab" instantiated altera_sld_jtag_hub "sldfabric"
Info (11172): Ident: "alt_sld_fab" instantiated altera_connection_identification_hub "ident"
Info (11172): Alt_sld_fab: Done "alt_sld_fab" with 6 modules, 6 files
Info (11171): Finished IP generation for the debug fabric: alt_sld_fab.
Info (12021): Found 1 design units, including 1 entities, in source file db/ip/sld4788bb82/alt_sld_fab.v
    Info (12023): Found entity 1: alt_sld_fab File: G:/computer/UPCtop/UPC/db/ip/sld4788bb82/alt_sld_fab.v Line: 9
Info (12021): Found 1 design units, including 1 entities, in source file db/ip/sld4788bb82/submodules/alt_sld_fab_alt_sld_fab.v
    Info (12023): Found entity 1: alt_sld_fab_alt_sld_fab File: G:/computer/UPCtop/UPC/db/ip/sld4788bb82/submodules/alt_sld_fab_alt_sld_fab.v Line: 9
Info (12021): Found 1 design units, including 1 entities, in source file db/ip/sld4788bb82/submodules/alt_sld_fab_alt_sld_fab_ident.sv
    Info (12023): Found entity 1: alt_sld_fab_alt_sld_fab_ident File: G:/computer/UPCtop/UPC/db/ip/sld4788bb82/submodules/alt_sld_fab_alt_sld_fab_ident.sv Line: 33
Info (12021): Found 1 design units, including 1 entities, in source file db/ip/sld4788bb82/submodules/alt_sld_fab_alt_sld_fab_presplit.sv
    Info (12023): Found entity 1: alt_sld_fab_alt_sld_fab_presplit File: G:/computer/UPCtop/UPC/db/ip/sld4788bb82/submodules/alt_sld_fab_alt_sld_fab_presplit.sv Line: 3
Info (12021): Found 2 design units, including 1 entities, in source file db/ip/sld4788bb82/submodules/alt_sld_fab_alt_sld_fab_sldfabric.vhd
    Info (12022): Found design unit 1: alt_sld_fab_alt_sld_fab_sldfabric-rtl File: G:/computer/UPCtop/UPC/db/ip/sld4788bb82/submodules/alt_sld_fab_alt_sld_fab_sldfabric.vhd Line: 102
    Info (12023): Found entity 1: alt_sld_fab_alt_sld_fab_sldfabric File: G:/computer/UPCtop/UPC/db/ip/sld4788bb82/submodules/alt_sld_fab_alt_sld_fab_sldfabric.vhd Line: 11
Info (12021): Found 1 design units, including 1 entities, in source file db/ip/sld4788bb82/submodules/alt_sld_fab_alt_sld_fab_splitter.sv
    Info (12023): Found entity 1: alt_sld_fab_alt_sld_fab_splitter File: G:/computer/UPCtop/UPC/db/ip/sld4788bb82/submodules/alt_sld_fab_alt_sld_fab_splitter.sv Line: 3
Warning (13004): Presettable and clearable registers converted to equivalent circuits with latches. Registers power-up to an undefined state, and DEVCLRn places the registers in an undefined state.
    Warning (13310): Register "mc:inst2|inst5" is converted into an equivalent circuit using register "mc:inst2|inst5~_emulated" and latch "mc:inst2|inst5~1"
    Warning (13310): Register "mc:inst2|inst4" is converted into an equivalent circuit using register "mc:inst2|inst4~_emulated" and latch "mc:inst2|inst4~1"
    Warning (13310): Register "mc:inst2|inst3" is converted into an equivalent circuit using register "mc:inst2|inst3~_emulated" and latch "mc:inst2|inst3~1"
    Warning (13310): Register "mc:inst2|inst2" is converted into an equivalent circuit using register "mc:inst2|inst2~_emulated" and latch "mc:inst2|inst2~1"
    Warning (13310): Register "mc:inst2|inst1" is converted into an equivalent circuit using register "mc:inst2|inst1~_emulated" and latch "mc:inst2|inst1~1"
Warning (13024): Output pins are stuck at VCC or GND
    Warning (13410): Pin "LDPC" is stuck at GND
Info (286031): Timing-Driven Synthesis is running on partition "Top"
Info (16010): Generating hard_block partition "hard_block:auto_generated_inst"
    Info (16011): Adding 0 node(s), including 0 DDIO, 0 PLL, 0 transceiver and 0 LCELL
Info (21057): Implemented 378 device resources after synthesis - the final resource count might be different
    Info (21058): Implemented 17 input pins
    Info (21059): Implemented 47 output pins
    Info (21061): Implemented 289 logic cells
    Info (21064): Implemented 24 RAM segments
Info: Quartus Prime Analysis & Synthesis was successful. 0 errors, 13 warnings
    Info: Peak virtual memory: 4817 megabytes
    Info: Processing ended: Thu Dec 30 16:43:56 2021
    Info: Elapsed time: 00:00:21
    Info: Total CPU time (on all processors): 00:00:35


